Arguments:
  C:\Program Files\nodejs\node.exe C:\Users\Matt Rose\AppData\Roaming\npm\node_modules\yarn\bin\yarn.js add react-load-spinner

PATH:
  C:\Users\Matt Rose\bin;C:\Program Files\Git\mingw64\bin;C:\Program Files\Git\usr\local\bin;C:\Program Files\Git\usr\bin;C:\Program Files\Git\usr\bin;C:\Program Files\Git\mingw64\bin;C:\Program Files\Git\usr\bin;C:\Users\Matt Rose\bin;C:\Users\Public\Anaconda3\Scripts;C:\Users\Public\Anaconda3\Library;C:\Users\Public\Anaconda3\Library\bin;C:\Users\Public\Anaconda3\Library\mingw-w64\bin;C:\Users\Public\Anaconda3;C:\Windows;C:\Program Files (x86);C:\Program Files;C:\Windows\system32;C:\Program Files\nodejs;C:\Program Files\nodejs;C:\Program Files\Docker\Docker\resources\bin;C:\ProgramData\DockerDesktop\version-bin;C:\Users\Public\Anaconda3\python.exe;C:\Windows;C:\Windows\system32;C:\Program Files (x86);C:\Program Files;C:\Program Files\nodejs;C:\Users\Matt Rose\AppData\Roaming\npm;C:\Users\Matt Rose\AppData\Local\Box\Box Edit;C:\Users\Matt Rose\AppData\Local\Programs\Microsoft VS Code\bin;C:\Program Files\Git\usr\bin\vendor_perl;C:\Program Files\Git\usr\bin\core_perl

Yarn version:
  1.22.10

Node version:
  15.6.0

Platform:
  win32 x64

Trace:
  Error: https://registry.yarnpkg.com/react-load-spinner: Not found
      at Request.params.callback [as _callback] (C:\Users\Matt Rose\AppData\Roaming\npm\node_modules\yarn\lib\cli.js:66988:18)
      at Request.self.callback (C:\Users\Matt Rose\AppData\Roaming\npm\node_modules\yarn\lib\cli.js:140662:22)
      at Request.emit (node:events:379:20)
      at Request.<anonymous> (C:\Users\Matt Rose\AppData\Roaming\npm\node_modules\yarn\lib\cli.js:141634:10)
      at Request.emit (node:events:379:20)
      at IncomingMessage.<anonymous> (C:\Users\Matt Rose\AppData\Roaming\npm\node_modules\yarn\lib\cli.js:141556:12)
      at Object.onceWrapper (node:events:485:28)
      at IncomingMessage.emit (node:events:391:22)
      at endReadableNT (node:internal/streams/readable:1307:12)
      at processTicksAndRejections (node:internal/process/task_queues:81:21)

npm manifest:
  No manifest

yarn manifest:
  No manifest

Lockfile:
  # THIS IS AN AUTOGENERATED FILE. DO NOT EDIT THIS FILE DIRECTLY.
  # yarn lockfile v1
